<?xml version="1.0" encoding="UTF-8"?>
<!-- Generated by org.testng.reporters.JUnitReportReporter -->
<testsuite skipped="0" hostname="INPC0TB3ZZ" name="gRCenforce.gRCenforceCreate_Compliance_Admin" tests="3" failures="0" timestamp="2019-12-13T19:59:25 IST" time="116.545" errors="0">
  <testcase name="login" time="15.641" classname="gRCenforce.gRCenforceCreate_Compliance_Admin"/>
  <testcase name="click_new_Compliance" time="84.092" classname="gRCenforce.gRCenforceCreate_Compliance_Admin"/>
  <testcase name="logout" time="16.812" classname="gRCenforce.gRCenforceCreate_Compliance_Admin"/>
</testsuite> <!-- gRCenforce.gRCenforceCreate_Compliance_Admin -->
