<?xml version="1.0" encoding="UTF-8"?>
<!-- Generated by org.testng.reporters.JUnitReportReporter -->
<testsuite skipped="3" hostname="INPC0TB3ZZ" name="gRCenforce.gRCenforceChange_Password" tests="3" failures="0" timestamp="2019-12-05T17:02:04 IST" time="0.000" errors="0">
  <testcase name="login" time="0.000" classname="gRCenforce.gRCenforceChange_Password">
    <skipped/>
  </testcase> <!-- login -->
  <testcase name="changepassword" time="0.000" classname="gRCenforce.gRCenforceChange_Password">
    <skipped/>
  </testcase> <!-- changepassword -->
  <testcase name="logout" time="0.000" classname="gRCenforce.gRCenforceChange_Password">
    <skipped/>
  </testcase> <!-- logout -->
</testsuite> <!-- gRCenforce.gRCenforceChange_Password -->
