<?xml version="1.0" encoding="UTF-8"?>
<!-- Generated by org.testng.reporters.JUnitReportReporter -->
<testsuite skipped="0" hostname="SOAPLearning" name="gRCenforce.gRCenforceLogin_logout" tests="2" failures="0" timestamp="2019-12-18T01:50:14 IST" time="35.567" errors="0">
  <testcase name="login" time="18.705" classname="gRCenforce.gRCenforceLogin_logout"/>
  <testcase name="logout" time="16.862" classname="gRCenforce.gRCenforceLogin_logout"/>
</testsuite> <!-- gRCenforce.gRCenforceLogin_logout -->
