<?xml version="1.0" encoding="UTF-8"?>
<!-- Generated by org.testng.reporters.JUnitReportReporter -->
<testsuite skipped="10" hostname="INPC0TB3ZZ" name="myFirstTestNG_Project.myFirstTestNG_Class" tests="10" failures="0" timestamp="2019-12-05T17:02:04 IST" time="0.000" errors="0">
  <testcase name="login" time="0.000" classname="myFirstTestNG_Project.myFirstTestNG_Class">
    <skipped/>
  </testcase> <!-- login -->
  <testcase name="dashboardisOpened" time="0.000" classname="myFirstTestNG_Project.myFirstTestNG_Class">
    <skipped/>
  </testcase> <!-- dashboardisOpened -->
  <testcase name="openViewDetails" time="0.000" classname="myFirstTestNG_Project.myFirstTestNG_Class">
    <skipped/>
  </testcase> <!-- openViewDetails -->
  <testcase name="paypremium" time="0.000" classname="myFirstTestNG_Project.myFirstTestNG_Class">
    <skipped/>
  </testcase> <!-- paypremium -->
  <testcase name="paysecurely" time="0.000" classname="myFirstTestNG_Project.myFirstTestNG_Class">
    <skipped/>
  </testcase> <!-- paysecurely -->
  <testcase name="allpay" time="0.000" classname="myFirstTestNG_Project.myFirstTestNG_Class">
    <skipped/>
  </testcase> <!-- allpay -->
  <testcase name="confirmandProceed" time="0.000" classname="myFirstTestNG_Project.myFirstTestNG_Class">
    <skipped/>
  </testcase> <!-- confirmandProceed -->
  <testcase name="netbanking" time="0.000" classname="myFirstTestNG_Project.myFirstTestNG_Class">
    <skipped/>
  </testcase> <!-- netbanking -->
  <testcase name="selectNetbankandPays" time="0.000" classname="myFirstTestNG_Project.myFirstTestNG_Class">
    <skipped/>
  </testcase> <!-- selectNetbankandPays -->
  <testcase name="verifyandreturn" time="0.000" classname="myFirstTestNG_Project.myFirstTestNG_Class">
    <skipped/>
  </testcase> <!-- verifyandreturn -->
</testsuite> <!-- myFirstTestNG_Project.myFirstTestNG_Class -->
