<?xml version="1.0" encoding="UTF-8"?>
<!-- Generated by org.testng.reporters.JUnitReportReporter -->
<testsuite skipped="0" hostname="INPC0TB3ZZ" name="gRCenforce.gRCenforceFilter_Graph_Owner" tests="7" failures="0" timestamp="2019-12-11T15:58:24 IST" time="100.088" errors="0">
  <testcase name="login" time="15.650" classname="gRCenforce.gRCenforceFilter_Graph_Owner"/>
  <testcase name="select_Location_BU" time="13.473" classname="gRCenforce.gRCenforceFilter_Graph_Owner"/>
  <testcase name="select_department" time="6.966" classname="gRCenforce.gRCenforceFilter_Graph_Owner"/>
  <testcase name="select_from_date" time="8.971" classname="gRCenforce.gRCenforceFilter_Graph_Owner"/>
  <testcase name="select_to_date" time="8.976" classname="gRCenforce.gRCenforceFilter_Graph_Owner"/>
  <testcase name="select_Roles_and_Apply" time="29.217" classname="gRCenforce.gRCenforceFilter_Graph_Owner"/>
  <testcase name="logout" time="16.835" classname="gRCenforce.gRCenforceFilter_Graph_Owner"/>
</testsuite> <!-- gRCenforce.gRCenforceFilter_Graph_Owner -->
