<?xml version="1.0" encoding="UTF-8"?>
<!-- Generated by org.testng.reporters.JUnitReportReporter -->
<testsuite skipped="0" hostname="INPC0TB3ZZ" name="gRCenforce.gRCenforceSubmit_Not_Applicable_Task" tests="5" failures="0" timestamp="2019-12-16T14:01:12 IST" time="97.257" errors="0">
  <testcase name="login" time="25.659" classname="gRCenforce.gRCenforceSubmit_Not_Applicable_Task"/>
  <testcase name="go_to_all_Compliances" time="24.593" classname="gRCenforce.gRCenforceSubmit_Not_Applicable_Task"/>
  <testcase name="filter_compliance" time="11.179" classname="gRCenforce.gRCenforceSubmit_Not_Applicable_Task"/>
  <testcase name="select_compliance_not_Applicable" time="18.980" classname="gRCenforce.gRCenforceSubmit_Not_Applicable_Task"/>
  <testcase name="logout" time="16.846" classname="gRCenforce.gRCenforceSubmit_Not_Applicable_Task"/>
</testsuite> <!-- gRCenforce.gRCenforceSubmit_Not_Applicable_Task -->
