<?xml version="1.0" encoding="UTF-8"?>
<!-- Generated by org.testng.reporters.JUnitReportReporter -->
<testsuite skipped="0" hostname="INPC0TB3ZZ" name="gRCenforce.gRCenforceSubmit_Notimplemented_task" tests="5" failures="0" timestamp="2019-12-16T17:30:38 IST" time="106.970" errors="0">
  <testcase name="login" time="25.613" classname="gRCenforce.gRCenforceSubmit_Notimplemented_task"/>
  <testcase name="go_to_all_Compliances" time="24.555" classname="gRCenforce.gRCenforceSubmit_Notimplemented_task"/>
  <testcase name="filter_compliance" time="11.193" classname="gRCenforce.gRCenforceSubmit_Notimplemented_task"/>
  <testcase name="select_compliance_not_Implemented" time="28.831" classname="gRCenforce.gRCenforceSubmit_Notimplemented_task"/>
  <testcase name="logout" time="16.778" classname="gRCenforce.gRCenforceSubmit_Notimplemented_task"/>
</testsuite> <!-- gRCenforce.gRCenforceSubmit_Notimplemented_task -->
