<?xml version="1.0" encoding="UTF-8"?>
<!-- Generated by org.testng.reporters.JUnitReportReporter -->
<testsuite skipped="0" hostname="INPC0TB3ZZ" name="gRCenforce.gRCenforceLogin_logout" tests="2" failures="0" timestamp="2019-12-12T16:17:40 IST" time="26.728" errors="0">
  <testcase name="login" time="18.696" classname="gRCenforce.gRCenforceLogin_logout"/>
  <testcase name="logout" time="8.032" classname="gRCenforce.gRCenforceLogin_logout"/>
</testsuite> <!-- gRCenforce.gRCenforceLogin_logout -->
